###############################################################################
#
# IAR ANSI C/C++ Compiler V7.20.1.7305/W32 for ARM        21/Jun/2014  20:39:57
# Copyright 1999-2014 IAR Systems AB.
#
#    Cpu mode     =  thumb
#    Endian       =  little
#    Source file  =  L:\6.21\src\Sources\Drivers\FTM\FTM.c
#    Command line =  
#        L:\6.21\src\Sources\Drivers\FTM\FTM.c -D IAR -D TWR_K60N512 -D DEBUG
#        -lCN L:\6.21\FLASH\List\ -lB L:\6.21\FLASH\List\ -o L:\6.21\FLASH\Obj\
#        --no_cse --no_unroll --no_inline --no_code_motion --no_tbaa
#        --no_clustering --no_scheduling --debug --endian=little
#        --cpu=Cortex-M4 -e --fpu=None --dlib_config
#        D:\dowload\iark60\arm\INC\c\DLib_Config_Normal.h -I
#        L:\6.21\src\Sources\Cpu\ -I L:\6.21\src\Sources\App\ -I
#        L:\6.21\src\Sources\Drivers\adc\ -I L:\6.21\src\Sources\Drivers\delay\
#        -I L:\6.21\src\Sources\Drivers\FTM\ -I
#        L:\6.21\src\Sources\Drivers\gpio\ -I
#        L:\6.21\src\Sources\Drivers\lptmr\ -I L:\6.21\src\Sources\Drivers\mcg\
#        -I L:\6.21\src\Sources\Drivers\PIT\ -I
#        L:\6.21\src\Sources\Drivers\uart\ -I L:\6.21\src\Sources\Drivers\oled\
#        -I L:\6.21\src\Sources\Drivers\spi\ -On --use_c++_inline
#    List file    =  L:\6.21\FLASH\List\FTM.lst
#    Object file  =  L:\6.21\FLASH\Obj\FTM.o
#
###############################################################################

L:\6.21\src\Sources\Drivers\FTM\FTM.c
      1          
      2          #include "common.h"
      3          #include  "FTM.h"
      4           
      5          
      6          /*********** FTMn_CHn PWM输出初始化函数 ***********/
      7          /*
      8                  --FTM0--  --FTM1--  --FTM2--
      9          CH0       PTC1      PTA8      PTA10
     10          CH1       PTC2      PTA9      PTA11
     11          CH2       PTC3       ×         ×
     12          CH3       PTC4       ×         ×
     13          CH4       PTD4       ×         ×
     14          CH5       PTD5       ×         ×
     15          CH6       PTD6       ×         ×
     16          CH7       PTD7       ×         ×
     17          
     18          ×表示没有
     19          */
     20          //--------------------------------PWM初始化--------------------------------//

   \                                 In section .text, align 2, keep-with-next
     21          void FTM_PWM_init()
     22          {
     23               SIM_SCGC5 |= SIM_SCGC5_PORTC_MASK; //开启C端口时钟
   \                     FTM_PWM_init: (+1)
   \   00000000   0x....             LDR.N    R0,??DataTable3  ;; 0x40048038
   \   00000002   0x6800             LDR      R0,[R0, #+0]
   \   00000004   0xF450 0x6000      ORRS     R0,R0,#0x800
   \   00000008   0x....             LDR.N    R1,??DataTable3  ;; 0x40048038
   \   0000000A   0x6008             STR      R0,[R1, #+0]
     24               SIM_SCGC5 |= SIM_SCGC5_PORTD_MASK; //开启D端口时钟
   \   0000000C   0x....             LDR.N    R0,??DataTable3  ;; 0x40048038
   \   0000000E   0x6800             LDR      R0,[R0, #+0]
   \   00000010   0xF450 0x5080      ORRS     R0,R0,#0x1000
   \   00000014   0x....             LDR.N    R1,??DataTable3  ;; 0x40048038
   \   00000016   0x6008             STR      R0,[R1, #+0]
     25             
     26               PORTD_PCR4 = PORT_PCR_MUX(4);  // PTC1
   \   00000018   0xF44F 0x6080      MOV      R0,#+1024
   \   0000001C   0x....             LDR.N    R1,??DataTable3_1  ;; 0x4004c010
   \   0000001E   0x6008             STR      R0,[R1, #+0]
     27               
     28               PORTD_PCR5 = PORT_PCR_MUX(4);  // PTC2
   \   00000020   0xF44F 0x6080      MOV      R0,#+1024
   \   00000024   0x....             LDR.N    R1,??DataTable3_2  ;; 0x4004c014
   \   00000026   0x6008             STR      R0,[R1, #+0]
     29               
     30               PORTD_PCR6 = PORT_PCR_MUX(4);  // PTD4
   \   00000028   0xF44F 0x6080      MOV      R0,#+1024
   \   0000002C   0x....             LDR.N    R1,??DataTable3_3  ;; 0x4004c018
   \   0000002E   0x6008             STR      R0,[R1, #+0]
     31               
     32               PORTD_PCR7 = PORT_PCR_MUX(4);  // PTD5   
   \   00000030   0xF44F 0x6080      MOV      R0,#+1024
   \   00000034   0x....             LDR.N    R1,??DataTable3_4  ;; 0x4004c01c
   \   00000036   0x6008             STR      R0,[R1, #+0]
     33              
     34               SIM_SCGC6 |= SIM_SCGC6_FTM0_MASK;//开启FTM0模块时钟
   \   00000038   0x....             LDR.N    R0,??DataTable3_5  ;; 0x4004803c
   \   0000003A   0x6800             LDR      R0,[R0, #+0]
   \   0000003C   0xF050 0x7080      ORRS     R0,R0,#0x1000000
   \   00000040   0x....             LDR.N    R1,??DataTable3_5  ;; 0x4004803c
   \   00000042   0x6008             STR      R0,[R1, #+0]
     35                  
     36               FTM0_C4SC |= FTM_CnSC_MSB_MASK | FTM_CnSC_ELSB_MASK;  //FTM0_CH0
   \   00000044   0x....             LDR.N    R0,??DataTable3_6  ;; 0x4003802c
   \   00000046   0x6800             LDR      R0,[R0, #+0]
   \   00000048   0xF050 0x0028      ORRS     R0,R0,#0x28
   \   0000004C   0x....             LDR.N    R1,??DataTable3_6  ;; 0x4003802c
   \   0000004E   0x6008             STR      R0,[R1, #+0]
     37               FTM0_C5SC |= FTM_CnSC_MSB_MASK | FTM_CnSC_ELSB_MASK;  //FTM0_CH1     
   \   00000050   0x....             LDR.N    R0,??DataTable3_7  ;; 0x40038034
   \   00000052   0x6800             LDR      R0,[R0, #+0]
   \   00000054   0xF050 0x0028      ORRS     R0,R0,#0x28
   \   00000058   0x....             LDR.N    R1,??DataTable3_7  ;; 0x40038034
   \   0000005A   0x6008             STR      R0,[R1, #+0]
     38               FTM0_C6SC |= FTM_CnSC_MSB_MASK | FTM_CnSC_ELSB_MASK;  //FTM0_CH2
   \   0000005C   0x....             LDR.N    R0,??DataTable3_8  ;; 0x4003803c
   \   0000005E   0x6800             LDR      R0,[R0, #+0]
   \   00000060   0xF050 0x0028      ORRS     R0,R0,#0x28
   \   00000064   0x....             LDR.N    R1,??DataTable3_8  ;; 0x4003803c
   \   00000066   0x6008             STR      R0,[R1, #+0]
     39               FTM0_C7SC |= FTM_CnSC_MSB_MASK | FTM_CnSC_ELSB_MASK;  //FTM0_CH3
   \   00000068   0x....             LDR.N    R0,??DataTable3_9  ;; 0x40038044
   \   0000006A   0x6800             LDR      R0,[R0, #+0]
   \   0000006C   0xF050 0x0028      ORRS     R0,R0,#0x28
   \   00000070   0x....             LDR.N    R1,??DataTable3_9  ;; 0x40038044
   \   00000072   0x6008             STR      R0,[R1, #+0]
     40               
     41               FTM0_CNT = 0; //设置计数初值为0   
   \   00000074   0x2000             MOVS     R0,#+0
   \   00000076   0x....             LDR.N    R1,??DataTable3_10  ;; 0x40038004
   \   00000078   0x6008             STR      R0,[R1, #+0]
     42               FTM0_MOD = 2500; //设置PWM频率为10K
   \   0000007A   0xF640 0x10C4      MOVW     R0,#+2500
   \   0000007E   0x....             LDR.N    R1,??DataTable3_11  ;; 0x40038008
   \   00000080   0x6008             STR      R0,[R1, #+0]
     43               FTM0_CNTIN = 0; //设置初始化计数值     
   \   00000082   0x2000             MOVS     R0,#+0
   \   00000084   0x....             LDR.N    R1,??DataTable3_12  ;; 0x4003804c
   \   00000086   0x6008             STR      R0,[R1, #+0]
     44               FTM0_C4V = 0;
   \   00000088   0x2000             MOVS     R0,#+0
   \   0000008A   0x....             LDR.N    R1,??DataTable3_13  ;; 0x40038030
   \   0000008C   0x6008             STR      R0,[R1, #+0]
     45               FTM0_C5V = 0;
   \   0000008E   0x2000             MOVS     R0,#+0
   \   00000090   0x....             LDR.N    R1,??DataTable3_14  ;; 0x40038038
   \   00000092   0x6008             STR      R0,[R1, #+0]
     46               FTM0_C6V = 0;
   \   00000094   0x2000             MOVS     R0,#+0
   \   00000096   0x....             LDR.N    R1,??DataTable3_15  ;; 0x40038040
   \   00000098   0x6008             STR      R0,[R1, #+0]
     47               FTM0_C7V=0;    
   \   0000009A   0x2000             MOVS     R0,#+0
   \   0000009C   0x....             LDR.N    R1,??DataTable3_16  ;; 0x40038048
   \   0000009E   0x6008             STR      R0,[R1, #+0]
     48               FTM0_SC |= FTM_SC_CLKS(1) | FTM_SC_PS(1); //设置时钟和分频
   \   000000A0   0x....             LDR.N    R0,??DataTable3_17  ;; 0x40038000
   \   000000A2   0x6800             LDR      R0,[R0, #+0]
   \   000000A4   0xF050 0x0009      ORRS     R0,R0,#0x9
   \   000000A8   0x....             LDR.N    R1,??DataTable3_17  ;; 0x40038000
   \   000000AA   0x6008             STR      R0,[R1, #+0]
     49               
     50          }
   \   000000AC   0x4770             BX       LR               ;; return
     51          
     52          /*==============================================================================
     53          功能：FTM1、FTM2模块双路正交脉冲计数；
     54          引脚：PTA12、PTA13、PTA10、PTA11
     55          内容：初始化FTM1、FTM2的正交解码功能；
     56          参数：无
     57          ==============================================================================*/

   \                                 In section .text, align 2, keep-with-next
     58          void FTM_QUAD_init()
     59          {
     60              /*开启端口时钟*/
     61              SIM_SCGC5 |= SIM_SCGC5_PORTA_MASK;
   \                     FTM_QUAD_init: (+1)
   \   00000000   0x....             LDR.N    R0,??DataTable3  ;; 0x40048038
   \   00000002   0x6800             LDR      R0,[R0, #+0]
   \   00000004   0xF450 0x7000      ORRS     R0,R0,#0x200
   \   00000008   0x....             LDR.N    R1,??DataTable3  ;; 0x40048038
   \   0000000A   0x6008             STR      R0,[R1, #+0]
     62              //SIM_SCGC5 |= SIM_SCGC5_PORTD_MASK;   
     63          
     64              /*选择管脚复用功能*/
     65              PORTA_PCR12 = PORT_PCR_MUX(7);
   \   0000000C   0xF44F 0x60E0      MOV      R0,#+1792
   \   00000010   0x....             LDR.N    R1,??DataTable3_18  ;; 0x40049030
   \   00000012   0x6008             STR      R0,[R1, #+0]
     66              PORTA_PCR13 = PORT_PCR_MUX(7);
   \   00000014   0xF44F 0x60E0      MOV      R0,#+1792
   \   00000018   0x....             LDR.N    R1,??DataTable3_19  ;; 0x40049034
   \   0000001A   0x6008             STR      R0,[R1, #+0]
     67              PORTA_PCR10 = PORT_PCR_MUX(6);
   \   0000001C   0xF44F 0x60C0      MOV      R0,#+1536
   \   00000020   0x....             LDR.N    R1,??DataTable3_20  ;; 0x40049028
   \   00000022   0x6008             STR      R0,[R1, #+0]
     68              PORTA_PCR11 = PORT_PCR_MUX(6);
   \   00000024   0xF44F 0x60C0      MOV      R0,#+1536
   \   00000028   0x....             LDR.N    R1,??DataTable3_21  ;; 0x4004902c
   \   0000002A   0x6008             STR      R0,[R1, #+0]
     69              //PORTD_PCR11 = PORT_PCR_MUX(7);
     70              //PORTD_PCR12 = PORT_PCR_MUX(7);
     71          
     72              /*使能FTM1、FTM2时钟*/
     73              SIM_SCGC6|=SIM_SCGC6_FTM1_MASK;
   \   0000002C   0x....             LDR.N    R0,??DataTable3_5  ;; 0x4004803c
   \   0000002E   0x6800             LDR      R0,[R0, #+0]
   \   00000030   0xF050 0x7000      ORRS     R0,R0,#0x2000000
   \   00000034   0x....             LDR.N    R1,??DataTable3_5  ;; 0x4004803c
   \   00000036   0x6008             STR      R0,[R1, #+0]
     74              SIM_SCGC3|=SIM_SCGC3_FTM2_MASK;
   \   00000038   0x....             LDR.N    R0,??DataTable3_22  ;; 0x40048030
   \   0000003A   0x6800             LDR      R0,[R0, #+0]
   \   0000003C   0xF050 0x7080      ORRS     R0,R0,#0x1000000
   \   00000040   0x....             LDR.N    R1,??DataTable3_22  ;; 0x40048030
   \   00000042   0x6008             STR      R0,[R1, #+0]
     75          
     76              FTM1_MOD = 0xffff; //可根据需要设置
   \   00000044   0xF64F 0x70FF      MOVW     R0,#+65535
   \   00000048   0x....             LDR.N    R1,??DataTable3_23  ;; 0x40039008
   \   0000004A   0x6008             STR      R0,[R1, #+0]
     77              FTM2_MOD = 0xffff;
   \   0000004C   0xF64F 0x70FF      MOVW     R0,#+65535
   \   00000050   0x....             LDR.N    R1,??DataTable3_24  ;; 0x400b8008
   \   00000052   0x6008             STR      R0,[R1, #+0]
     78          
     79              FTM1_CNTIN =0x0;
   \   00000054   0x2000             MOVS     R0,#+0
   \   00000056   0x....             LDR.N    R1,??DataTable3_25  ;; 0x4003904c
   \   00000058   0x6008             STR      R0,[R1, #+0]
     80              FTM2_CNTIN =0x0;
   \   0000005A   0x2000             MOVS     R0,#+0
   \   0000005C   0x....             LDR.N    R1,??DataTable3_26  ;; 0x400b804c
   \   0000005E   0x6008             STR      R0,[R1, #+0]
     81              
     82              FTM1_CNT = 0; //设置计数初值为0
   \   00000060   0x2000             MOVS     R0,#+0
   \   00000062   0x....             LDR.N    R1,??DataTable3_27  ;; 0x40039004
   \   00000064   0x6008             STR      R0,[R1, #+0]
     83              FTM2_CNT = 0; //设置计数初值为0
   \   00000066   0x2000             MOVS     R0,#+0
   \   00000068   0x....             LDR.N    R1,??DataTable3_28  ;; 0x400b8004
   \   0000006A   0x6008             STR      R0,[R1, #+0]
     84              
     85              FTM1_MODE |= FTM_MODE_WPDIS_MASK; //禁止写保护
   \   0000006C   0x....             LDR.N    R0,??DataTable3_29  ;; 0x40039054
   \   0000006E   0x6800             LDR      R0,[R0, #+0]
   \   00000070   0xF050 0x0004      ORRS     R0,R0,#0x4
   \   00000074   0x....             LDR.N    R1,??DataTable3_29  ;; 0x40039054
   \   00000076   0x6008             STR      R0,[R1, #+0]
     86              FTM2_MODE |= FTM_MODE_WPDIS_MASK; //禁止写保护
   \   00000078   0x....             LDR.N    R0,??DataTable3_30  ;; 0x400b8054
   \   0000007A   0x6800             LDR      R0,[R0, #+0]
   \   0000007C   0xF050 0x0004      ORRS     R0,R0,#0x4
   \   00000080   0x....             LDR.N    R1,??DataTable3_30  ;; 0x400b8054
   \   00000082   0x6008             STR      R0,[R1, #+0]
     87              FTM1_MODE |= FTM_MODE_FTMEN_MASK; //FTMEN=1,关闭TPM兼容模式，开启FTM所有功能
   \   00000084   0x....             LDR.N    R0,??DataTable3_29  ;; 0x40039054
   \   00000086   0x6800             LDR      R0,[R0, #+0]
   \   00000088   0xF050 0x0001      ORRS     R0,R0,#0x1
   \   0000008C   0x....             LDR.N    R1,??DataTable3_29  ;; 0x40039054
   \   0000008E   0x6008             STR      R0,[R1, #+0]
     88              FTM2_MODE |= FTM_MODE_FTMEN_MASK; //FTMEN=1,关闭TPM兼容模式，开启FTM所有功能
   \   00000090   0x....             LDR.N    R0,??DataTable3_30  ;; 0x400b8054
   \   00000092   0x6800             LDR      R0,[R0, #+0]
   \   00000094   0xF050 0x0001      ORRS     R0,R0,#0x1
   \   00000098   0x....             LDR.N    R1,??DataTable3_30  ;; 0x400b8054
   \   0000009A   0x6008             STR      R0,[R1, #+0]
     89          
     90              FTM1_QDCTRL &= ~FTM_QDCTRL_QUADMODE_MASK; //选定编码模式为A相与B相编码模式
   \   0000009C   0x....             LDR.N    R0,??DataTable3_31  ;; 0x40039080
   \   0000009E   0x6800             LDR      R0,[R0, #+0]
   \   000000A0   0xF030 0x0008      BICS     R0,R0,#0x8
   \   000000A4   0x....             LDR.N    R1,??DataTable3_31  ;; 0x40039080
   \   000000A6   0x6008             STR      R0,[R1, #+0]
     91              //FTM1_QDCTRL|=FTM_QDCTRL_QUADMODE_MASK;//AB 相同时确定方向和计数值
     92              FTM1_QDCTRL |= FTM_QDCTRL_QUADEN_MASK; //使能正交解码模式
   \   000000A8   0x....             LDR.N    R0,??DataTable3_31  ;; 0x40039080
   \   000000AA   0x6800             LDR      R0,[R0, #+0]
   \   000000AC   0xF050 0x0001      ORRS     R0,R0,#0x1
   \   000000B0   0x....             LDR.N    R1,??DataTable3_31  ;; 0x40039080
   \   000000B2   0x6008             STR      R0,[R1, #+0]
     93              FTM2_QDCTRL &= ~FTM_QDCTRL_QUADMODE_MASK; //选定编码模式为A相与B相编码模式
   \   000000B4   0x....             LDR.N    R0,??DataTable3_32  ;; 0x400b8080
   \   000000B6   0x6800             LDR      R0,[R0, #+0]
   \   000000B8   0xF030 0x0008      BICS     R0,R0,#0x8
   \   000000BC   0x....             LDR.N    R1,??DataTable3_32  ;; 0x400b8080
   \   000000BE   0x6008             STR      R0,[R1, #+0]
     94              //FTM2_QDCTRL|=FTM_QDCTRL_QUADMODE_MASK;//AB 相同时确定方向和计数值
     95              FTM2_QDCTRL |= FTM_QDCTRL_QUADEN_MASK; //使能正交解码模式
   \   000000C0   0x....             LDR.N    R0,??DataTable3_32  ;; 0x400b8080
   \   000000C2   0x6800             LDR      R0,[R0, #+0]
   \   000000C4   0xF050 0x0001      ORRS     R0,R0,#0x1
   \   000000C8   0x....             LDR.N    R1,??DataTable3_32  ;; 0x400b8080
   \   000000CA   0x6008             STR      R0,[R1, #+0]
     96          
     97              //FTM1_SC |= FTM_SC_CLKS(1);  //选择外部时钟  3
     98              //FTM1_CONF |=FTM_CONF_BDMMODE(3); //可根据需要选择
     99              //FTM2_SC |= FTM_SC_CLKS(1);
    100              //FTM2_CONF |=FTM_CONF_BDMMODE(3);
    101          
    102          }
   \   000000CC   0x4770             BX       LR               ;; return
    103          
    104          
    105          
    106          
    107          

   \                                 In section .text, align 2, keep-with-next
    108          void FTM2_QUAD_Iint(void)
    109          {
    110              PORTA_PCR10= PORT_PCR_MUX(6); // 设置引脚A10引脚为FTM2_PHA功能  
   \                     FTM2_QUAD_Iint: (+1)
   \   00000000   0xF44F 0x60C0      MOV      R0,#+1536
   \   00000004   0x....             LDR.N    R1,??DataTable3_20  ;; 0x40049028
   \   00000006   0x6008             STR      R0,[R1, #+0]
    111              PORTA_PCR11= PORT_PCR_MUX(6); // 设置引脚A11引脚为FTM2_PHB功能  
   \   00000008   0xF44F 0x60C0      MOV      R0,#+1536
   \   0000000C   0x....             LDR.N    R1,??DataTable3_21  ;; 0x4004902c
   \   0000000E   0x6008             STR      R0,[R1, #+0]
    112              SIM_SCGC3|=SIM_SCGC3_FTM2_MASK;//使能FTM2时钟  
   \   00000010   0x....             LDR.N    R0,??DataTable3_22  ;; 0x40048030
   \   00000012   0x6800             LDR      R0,[R0, #+0]
   \   00000014   0xF050 0x7080      ORRS     R0,R0,#0x1000000
   \   00000018   0x....             LDR.N    R1,??DataTable3_22  ;; 0x40048030
   \   0000001A   0x6008             STR      R0,[R1, #+0]
    113              FTM2_MODE |= FTM_MODE_WPDIS_MASK;//写保护禁止  
   \   0000001C   0x....             LDR.N    R0,??DataTable3_30  ;; 0x400b8054
   \   0000001E   0x6800             LDR      R0,[R0, #+0]
   \   00000020   0xF050 0x0004      ORRS     R0,R0,#0x4
   \   00000024   0x....             LDR.N    R1,??DataTable3_30  ;; 0x400b8054
   \   00000026   0x6008             STR      R0,[R1, #+0]
    114              FTM2_QDCTRL|=FTM_QDCTRL_QUADMODE_MASK;//AB相同时确定方向和计数值  
   \   00000028   0x....             LDR.N    R0,??DataTable3_32  ;; 0x400b8080
   \   0000002A   0x6800             LDR      R0,[R0, #+0]
   \   0000002C   0xF050 0x0008      ORRS     R0,R0,#0x8
   \   00000030   0x....             LDR.N    R1,??DataTable3_32  ;; 0x400b8080
   \   00000032   0x6008             STR      R0,[R1, #+0]
    115              FTM2_CNTIN=0;//FTM0计数器初始值为0  
   \   00000034   0x2000             MOVS     R0,#+0
   \   00000036   0x....             LDR.N    R1,??DataTable3_26  ;; 0x400b804c
   \   00000038   0x6008             STR      R0,[R1, #+0]
    116              FTM2_MOD=65535;//结束值  
   \   0000003A   0xF64F 0x70FF      MOVW     R0,#+65535
   \   0000003E   0x....             LDR.N    R1,??DataTable3_24  ;; 0x400b8008
   \   00000040   0x6008             STR      R0,[R1, #+0]
    117              FTM2_QDCTRL|=FTM_QDCTRL_QUADEN_MASK;//启用FTM2正交解码模式  
   \   00000042   0x....             LDR.N    R0,??DataTable3_32  ;; 0x400b8080
   \   00000044   0x6800             LDR      R0,[R0, #+0]
   \   00000046   0xF050 0x0001      ORRS     R0,R0,#0x1
   \   0000004A   0x....             LDR.N    R1,??DataTable3_32  ;; 0x400b8080
   \   0000004C   0x6008             STR      R0,[R1, #+0]
    118              FTM2_MODE |= FTM_MODE_FTMEN_MASK;//FTM2EN=1    
   \   0000004E   0x....             LDR.N    R0,??DataTable3_30  ;; 0x400b8054
   \   00000050   0x6800             LDR      R0,[R0, #+0]
   \   00000052   0xF050 0x0001      ORRS     R0,R0,#0x1
   \   00000056   0x....             LDR.N    R1,??DataTable3_30  ;; 0x400b8054
   \   00000058   0x6008             STR      R0,[R1, #+0]
    119              FTM2_CNT=0;  
   \   0000005A   0x2000             MOVS     R0,#+0
   \   0000005C   0x....             LDR.N    R1,??DataTable3_28  ;; 0x400b8004
   \   0000005E   0x6008             STR      R0,[R1, #+0]
    120          }
   \   00000060   0x4770             BX       LR               ;; return
    121          

   \                                 In section .text, align 2, keep-with-next
    122          void FTM1_QUAD_Iint(void)
    123          {
    124              PORTA_PCR12= PORT_PCR_MUX(7); // 设置引脚A12引脚为FTM1_PHA功能  
   \                     FTM1_QUAD_Iint: (+1)
   \   00000000   0xF44F 0x60E0      MOV      R0,#+1792
   \   00000004   0x....             LDR.N    R1,??DataTable3_18  ;; 0x40049030
   \   00000006   0x6008             STR      R0,[R1, #+0]
    125              PORTA_PCR13= PORT_PCR_MUX(7); // 设置引脚A13引脚为FTM1_PHB功能  
   \   00000008   0xF44F 0x60E0      MOV      R0,#+1792
   \   0000000C   0x....             LDR.N    R1,??DataTable3_19  ;; 0x40049034
   \   0000000E   0x6008             STR      R0,[R1, #+0]
    126              SIM_SCGC6|=SIM_SCGC6_FTM1_MASK;//使能FTM1时钟  
   \   00000010   0x....             LDR.N    R0,??DataTable3_5  ;; 0x4004803c
   \   00000012   0x6800             LDR      R0,[R0, #+0]
   \   00000014   0xF050 0x7000      ORRS     R0,R0,#0x2000000
   \   00000018   0x....             LDR.N    R1,??DataTable3_5  ;; 0x4004803c
   \   0000001A   0x6008             STR      R0,[R1, #+0]
    127              FTM1_MODE |= FTM_MODE_WPDIS_MASK;//写保护禁止  
   \   0000001C   0x....             LDR.N    R0,??DataTable3_29  ;; 0x40039054
   \   0000001E   0x6800             LDR      R0,[R0, #+0]
   \   00000020   0xF050 0x0004      ORRS     R0,R0,#0x4
   \   00000024   0x....             LDR.N    R1,??DataTable3_29  ;; 0x40039054
   \   00000026   0x6008             STR      R0,[R1, #+0]
    128              FTM1_QDCTRL|=FTM_QDCTRL_QUADMODE_MASK;//AB相同时确定方向和计数值  
   \   00000028   0x....             LDR.N    R0,??DataTable3_31  ;; 0x40039080
   \   0000002A   0x6800             LDR      R0,[R0, #+0]
   \   0000002C   0xF050 0x0008      ORRS     R0,R0,#0x8
   \   00000030   0x....             LDR.N    R1,??DataTable3_31  ;; 0x40039080
   \   00000032   0x6008             STR      R0,[R1, #+0]
    129              FTM1_CNTIN=0;//FTM0计数器初始值为0  
   \   00000034   0x2000             MOVS     R0,#+0
   \   00000036   0x....             LDR.N    R1,??DataTable3_25  ;; 0x4003904c
   \   00000038   0x6008             STR      R0,[R1, #+0]
    130              FTM1_MOD=65535;//结束值  
   \   0000003A   0xF64F 0x70FF      MOVW     R0,#+65535
   \   0000003E   0x....             LDR.N    R1,??DataTable3_23  ;; 0x40039008
   \   00000040   0x6008             STR      R0,[R1, #+0]
    131              FTM1_QDCTRL|=FTM_QDCTRL_QUADEN_MASK;//启用FTM1正交解码模式  
   \   00000042   0x....             LDR.N    R0,??DataTable3_31  ;; 0x40039080
   \   00000044   0x6800             LDR      R0,[R0, #+0]
   \   00000046   0xF050 0x0001      ORRS     R0,R0,#0x1
   \   0000004A   0x....             LDR.N    R1,??DataTable3_31  ;; 0x40039080
   \   0000004C   0x6008             STR      R0,[R1, #+0]
    132              FTM1_MODE |= FTM_MODE_FTMEN_MASK;//FTM1EN=1    
   \   0000004E   0x....             LDR.N    R0,??DataTable3_29  ;; 0x40039054
   \   00000050   0x6800             LDR      R0,[R0, #+0]
   \   00000052   0xF050 0x0001      ORRS     R0,R0,#0x1
   \   00000056   0x....             LDR.N    R1,??DataTable3_29  ;; 0x40039054
   \   00000058   0x6008             STR      R0,[R1, #+0]
    133              FTM1_CNT=0;  
   \   0000005A   0x2000             MOVS     R0,#+0
   \   0000005C   0x....             LDR.N    R1,??DataTable3_27  ;; 0x40039004
   \   0000005E   0x6008             STR      R0,[R1, #+0]
    134          }
   \   00000060   0x4770             BX       LR               ;; return

   \                                 In section .text, align 4, keep-with-next
   \                     ??DataTable3:
   \   00000000   0x40048038         DC32     0x40048038

   \                                 In section .text, align 4, keep-with-next
   \                     ??DataTable3_1:
   \   00000000   0x4004C010         DC32     0x4004c010

   \                                 In section .text, align 4, keep-with-next
   \                     ??DataTable3_2:
   \   00000000   0x4004C014         DC32     0x4004c014

   \                                 In section .text, align 4, keep-with-next
   \                     ??DataTable3_3:
   \   00000000   0x4004C018         DC32     0x4004c018

   \                                 In section .text, align 4, keep-with-next
   \                     ??DataTable3_4:
   \   00000000   0x4004C01C         DC32     0x4004c01c

   \                                 In section .text, align 4, keep-with-next
   \                     ??DataTable3_5:
   \   00000000   0x4004803C         DC32     0x4004803c

   \                                 In section .text, align 4, keep-with-next
   \                     ??DataTable3_6:
   \   00000000   0x4003802C         DC32     0x4003802c

   \                                 In section .text, align 4, keep-with-next
   \                     ??DataTable3_7:
   \   00000000   0x40038034         DC32     0x40038034

   \                                 In section .text, align 4, keep-with-next
   \                     ??DataTable3_8:
   \   00000000   0x4003803C         DC32     0x4003803c

   \                                 In section .text, align 4, keep-with-next
   \                     ??DataTable3_9:
   \   00000000   0x40038044         DC32     0x40038044

   \                                 In section .text, align 4, keep-with-next
   \                     ??DataTable3_10:
   \   00000000   0x40038004         DC32     0x40038004

   \                                 In section .text, align 4, keep-with-next
   \                     ??DataTable3_11:
   \   00000000   0x40038008         DC32     0x40038008

   \                                 In section .text, align 4, keep-with-next
   \                     ??DataTable3_12:
   \   00000000   0x4003804C         DC32     0x4003804c

   \                                 In section .text, align 4, keep-with-next
   \                     ??DataTable3_13:
   \   00000000   0x40038030         DC32     0x40038030

   \                                 In section .text, align 4, keep-with-next
   \                     ??DataTable3_14:
   \   00000000   0x40038038         DC32     0x40038038

   \                                 In section .text, align 4, keep-with-next
   \                     ??DataTable3_15:
   \   00000000   0x40038040         DC32     0x40038040

   \                                 In section .text, align 4, keep-with-next
   \                     ??DataTable3_16:
   \   00000000   0x40038048         DC32     0x40038048

   \                                 In section .text, align 4, keep-with-next
   \                     ??DataTable3_17:
   \   00000000   0x40038000         DC32     0x40038000

   \                                 In section .text, align 4, keep-with-next
   \                     ??DataTable3_18:
   \   00000000   0x40049030         DC32     0x40049030

   \                                 In section .text, align 4, keep-with-next
   \                     ??DataTable3_19:
   \   00000000   0x40049034         DC32     0x40049034

   \                                 In section .text, align 4, keep-with-next
   \                     ??DataTable3_20:
   \   00000000   0x40049028         DC32     0x40049028

   \                                 In section .text, align 4, keep-with-next
   \                     ??DataTable3_21:
   \   00000000   0x4004902C         DC32     0x4004902c

   \                                 In section .text, align 4, keep-with-next
   \                     ??DataTable3_22:
   \   00000000   0x40048030         DC32     0x40048030

   \                                 In section .text, align 4, keep-with-next
   \                     ??DataTable3_23:
   \   00000000   0x40039008         DC32     0x40039008

   \                                 In section .text, align 4, keep-with-next
   \                     ??DataTable3_24:
   \   00000000   0x400B8008         DC32     0x400b8008

   \                                 In section .text, align 4, keep-with-next
   \                     ??DataTable3_25:
   \   00000000   0x4003904C         DC32     0x4003904c

   \                                 In section .text, align 4, keep-with-next
   \                     ??DataTable3_26:
   \   00000000   0x400B804C         DC32     0x400b804c

   \                                 In section .text, align 4, keep-with-next
   \                     ??DataTable3_27:
   \   00000000   0x40039004         DC32     0x40039004

   \                                 In section .text, align 4, keep-with-next
   \                     ??DataTable3_28:
   \   00000000   0x400B8004         DC32     0x400b8004

   \                                 In section .text, align 4, keep-with-next
   \                     ??DataTable3_29:
   \   00000000   0x40039054         DC32     0x40039054

   \                                 In section .text, align 4, keep-with-next
   \                     ??DataTable3_30:
   \   00000000   0x400B8054         DC32     0x400b8054

   \                                 In section .text, align 4, keep-with-next
   \                     ??DataTable3_31:
   \   00000000   0x40039080         DC32     0x40039080

   \                                 In section .text, align 4, keep-with-next
   \                     ??DataTable3_32:
   \   00000000   0x400B8080         DC32     0x400b8080

   Maximum stack usage in bytes:

   .cstack Function
   ------- --------
       0   FTM1_QUAD_Iint
       0   FTM2_QUAD_Iint
       0   FTM_PWM_init
       0   FTM_QUAD_init


   Section sizes:

   Bytes  Function/Label
   -----  --------------
       4  ??DataTable3
       4  ??DataTable3_1
       4  ??DataTable3_10
       4  ??DataTable3_11
       4  ??DataTable3_12
       4  ??DataTable3_13
       4  ??DataTable3_14
       4  ??DataTable3_15
       4  ??DataTable3_16
       4  ??DataTable3_17
       4  ??DataTable3_18
       4  ??DataTable3_19
       4  ??DataTable3_2
       4  ??DataTable3_20
       4  ??DataTable3_21
       4  ??DataTable3_22
       4  ??DataTable3_23
       4  ??DataTable3_24
       4  ??DataTable3_25
       4  ??DataTable3_26
       4  ??DataTable3_27
       4  ??DataTable3_28
       4  ??DataTable3_29
       4  ??DataTable3_3
       4  ??DataTable3_30
       4  ??DataTable3_31
       4  ??DataTable3_32
       4  ??DataTable3_4
       4  ??DataTable3_5
       4  ??DataTable3_6
       4  ??DataTable3_7
       4  ??DataTable3_8
       4  ??DataTable3_9
      98  FTM1_QUAD_Iint
      98  FTM2_QUAD_Iint
     174  FTM_PWM_init
     206  FTM_QUAD_init

 
 708 bytes in section .text
 
 708 bytes of CODE memory

Errors: none
Warnings: none
