###############################################################################
#                                                                             #
#     IAR Assembler V6.30.4.53288/W32 for ARM 27/Apr/2013  12:23:28           #
#     Copyright 1999-2011 IAR Systems AB.                                     #
#                                                                             #
#           Source file   =  C:\Users\Administrator\Desktop\4.25屏幕 下位机 发送 接受 像素处理  死机\src\Settings\Start_up\crt0.s#
#           List file     =  C:\Users\Administrator\Desktop\4.25屏幕 下位机 发送 接受 像素处理  死机\RAM\List\crt0.lst#
#           Object file   =  C:\Users\Administrator\Desktop\4.25屏幕 下位机 发送 接受 像素处理  死机\RAM\Obj\crt0.o#
#           Command line  =  C:\Users\Administrator\Desktop\4.25屏幕 下位机 发送 接受 像素处理  死机\src\Settings\Start_up\crt0.s #
#                            -OC:\Users\Administrator\Desktop\4.25屏幕 下位机 发送 接受 像素处理  死机\RAM\Obj\ #
#                            -s+ -M<> -w+ -r                                  #
#                            -LC:\Users\Administrator\Desktop\4.25屏幕 下位机 发送 接受 像素处理  死机\RAM\List\ #
#                            -t8 --cpu Cortex-M4 --fpu None                   #
#                                                                             #
###############################################################################

    1                           /*
    2                            * File:        crt0.s
    3                            * Purpose:     Lowest level routines for
                                 Kinetis.
    4                            *
    5                            * Notes:       
    6                            *
    7                            */
    8                           
    9                           ;         AREA   Crt0, CODE, READONLY      ;
                                 name this block of code
   10                             SECTION .noinit : CODE
   11                           
   12                                   EXPORT  __startup
   13                           __startup
   14    00000000 4FF00000          MOV     r0,#0                   ;
                                                                     Initialize
                                                                     the
                                                                     GPRs
   15    00000004 4FF00001              MOV     r1,#0
   16    00000008 4FF00002              MOV     r2,#0
   17    0000000C 4FF00003              MOV     r3,#0
   18    00000010 4FF00004              MOV     r4,#0
   19    00000014 4FF00005              MOV     r5,#0
   20    00000018 4FF00006              MOV     r6,#0
   21    0000001C 4FF00007              MOV     r7,#0
   22    00000020 4FF00008              MOV     r8,#0
   23    00000024 4FF00009              MOV     r9,#0
   24    00000028 4FF0000A              MOV     r10,#0
   25    0000002C 4FF0000B              MOV     r11,#0
   26    00000030 4FF0000C              MOV     r12,#0
   27    00000034 62B6                  CPSIE   i                       ;
                                                                         Unmask
                                                                         interr
                                                                        upts
   28                                   import start
   29    00000036 ........              BL      start                  ; call
                                                                        the C
                                                                        code
   30                           __done
   31    0000003A FEE7                  B       __done
   32                           
   33                           
   34                                   END
##############################
#           CRC:0            #
#        Errors:   0         #
#        Warnings: 0         #
#         Bytes: 60          #
##############################



