###############################################################################
#                                                                             #
#                                                       27/Apr/2013  13:44:40 #
# IAR ANSI C/C++ Compiler V6.30.4.23288/W32 EVALUATION for ARM                #
# Copyright 1999-2011 IAR Systems AB.                                         #
#                                                                             #
#    Cpu mode     =  thumb                                                    #
#    Endian       =  little                                                   #
#    Source file  =  C:\Users\Administrator\Desktop\4.25屏幕 下位机 发送      #
#                    接受 像素处理  死机\src\Sources\Drivers\FTM\FTM.c        #
#    Command line =  "C:\Users\Administrator\Desktop\4.25屏幕 下位机 发送     #
#                    接受 像素处理  死机\src\Sources\Drivers\FTM\FTM.c" -lCN  #
#                    "C:\Users\Administrator\Desktop\4.25屏幕 下位机 发送     #
#                    接受 像素处理  死机\RAM\List\" -lB                       #
#                    "C:\Users\Administrator\Desktop\4.25屏幕 下位机 发送     #
#                    接受 像素处理  死机\RAM\List\" -o                        #
#                    "C:\Users\Administrator\Desktop\4.25屏幕 下位机 发送     #
#                    接受 像素处理  死机\RAM\Obj\" --no_cse --no_unroll       #
#                    --no_inline --no_code_motion --no_tbaa --no_clustering   #
#                    --no_scheduling --debug --endian=little --cpu=Cortex-M4  #
#                    -e --fpu=None --dlib_config "D:\Program Files\IAR        #
#                    Systems\Embedded Workbench 6.0                           #
#                    Evaluation\arm\INC\c\DLib_Config_Normal.h" -I            #
#                    "C:\Users\Administrator\Desktop\4.25屏幕 下位机 发送     #
#                    接受 像素处理  死机\src\Sources\Cpu\" -I                 #
#                    "C:\Users\Administrator\Desktop\4.25屏幕 下位机 发送     #
#                    接受 像素处理  死机\src\Sources\App\" -I                 #
#                    "C:\Users\Administrator\Desktop\4.25屏幕 下位机 发送     #
#                    接受 像素处理  死机\src\Sources\Drivers\adc\" -I         #
#                    "C:\Users\Administrator\Desktop\4.25屏幕 下位机 发送     #
#                    接受 像素处理  死机\src\Sources\Drivers\delay\" -I       #
#                    "C:\Users\Administrator\Desktop\4.25屏幕 下位机 发送     #
#                    接受 像素处理  死机\src\Sources\Drivers\FTM\" -I         #
#                    "C:\Users\Administrator\Desktop\4.25屏幕 下位机 发送     #
#                    接受 像素处理  死机\src\Sources\Drivers\gpio\" -I        #
#                    "C:\Users\Administrator\Desktop\4.25屏幕 下位机 发送     #
#                    接受 像素处理  死机\src\Sources\Drivers\lptmr\" -I       #
#                    "C:\Users\Administrator\Desktop\4.25屏幕 下位机 发送     #
#                    接受 像素处理  死机\src\Sources\Drivers\mcg\" -I         #
#                    "C:\Users\Administrator\Desktop\4.25屏幕 下位机 发送     #
#                    接受 像素处理  死机\src\Sources\Drivers\PIT\" -I         #
#                    "C:\Users\Administrator\Desktop\4.25屏幕 下位机 发送     #
#                    接受 像素处理  死机\src\Sources\Drivers\uart\" -I        #
#                    "C:\Users\Administrator\Desktop\4.25屏幕 下位机 发送     #
#                    接受 像素处理  死机\src\Sources\Drivers\oled\" -I        #
#                    "C:\Users\Administrator\Desktop\4.25屏幕 下位机 发送     #
#                    接受 像素处理  死机\src\Sources\Drivers\spi\" -On        #
#                    --use_c++_inline                                         #
#    List file    =  C:\Users\Administrator\Desktop\4.25屏幕 下位机 发送      #
#                    接受 像素处理  死机\RAM\List\FTM.lst                     #
#    Object file  =  C:\Users\Administrator\Desktop\4.25屏幕 下位机 发送      #
#                    接受 像素处理  死机\RAM\Obj\FTM.o                        #
#                                                                             #
#                                                                             #
###############################################################################

C:\Users\Administrator\Desktop\4.25屏幕 下位机 发送 接受 像素处理  死机\src\Sources\Drivers\FTM\FTM.c
      1          
      2          #include "common.h"
      3          #include  "FTM.h"
      4           
      5          
      6          /*********** FTMn_CHn PWM输出初始化函数 ***********/
      7          /*
      8                  --FTM0--  --FTM1--  --FTM2--
      9          CH0       PTC1      PTA8      PTA10
     10          CH1       PTC2      PTA9      PTA11
     11          CH2       PTC3       ×         ×
     12          CH3       PTC4       ×         ×
     13          CH4       PTD4       ×         ×
     14          CH5       PTD5       ×         ×
     15          CH6       PTD6       ×         ×
     16          CH7       PTD7       ×         ×
     17          
     18          ×表示没有
     19          */
     20          //--------------------------------PWM初始化--------------------------------//

   \                                 In section .text, align 2, keep-with-next
     21          void FTM_PWM_init()
     22          {
     23               SIM_SCGC5 |= SIM_SCGC5_PORTC_MASK; //开启C端口时钟
   \                     FTM_PWM_init:
   \   00000000   0x....             LDR.N    R0,??DataTable3  ;; 0x40048038
   \   00000002   0x6800             LDR      R0,[R0, #+0]
   \   00000004   0xF450 0x6000      ORRS     R0,R0,#0x800
   \   00000008   0x....             LDR.N    R1,??DataTable3  ;; 0x40048038
   \   0000000A   0x6008             STR      R0,[R1, #+0]
     24               SIM_SCGC5 |= SIM_SCGC5_PORTD_MASK; //开启D端口时钟
   \   0000000C   0x....             LDR.N    R0,??DataTable3  ;; 0x40048038
   \   0000000E   0x6800             LDR      R0,[R0, #+0]
   \   00000010   0xF450 0x5080      ORRS     R0,R0,#0x1000
   \   00000014   0x....             LDR.N    R1,??DataTable3  ;; 0x40048038
   \   00000016   0x6008             STR      R0,[R1, #+0]
     25          
     26             
     27               PORTC_PCR1 = PORT_PCR_MUX(4);  // PTC1
   \   00000018   0x....             LDR.N    R0,??DataTable3_1  ;; 0x4004b004
   \   0000001A   0xF44F 0x6180      MOV      R1,#+1024
   \   0000001E   0x6001             STR      R1,[R0, #+0]
     28               
     29               PORTC_PCR2 = PORT_PCR_MUX(4);  // PTC2
   \   00000020   0x....             LDR.N    R0,??DataTable3_2  ;; 0x4004b008
   \   00000022   0xF44F 0x6180      MOV      R1,#+1024
   \   00000026   0x6001             STR      R1,[R0, #+0]
     30               
     31               PORTC_PCR3 = PORT_PCR_MUX(4);  // PTC3
   \   00000028   0x....             LDR.N    R0,??DataTable3_3  ;; 0x4004b00c
   \   0000002A   0xF44F 0x6180      MOV      R1,#+1024
   \   0000002E   0x6001             STR      R1,[R0, #+0]
     32               
     33               PORTC_PCR4 = PORT_PCR_MUX(4);  // PTC4
   \   00000030   0x....             LDR.N    R0,??DataTable3_4  ;; 0x4004b010
   \   00000032   0xF44F 0x6180      MOV      R1,#+1024
   \   00000036   0x6001             STR      R1,[R0, #+0]
     34               
     35               PORTD_PCR4 = PORT_PCR_MUX(4);  // PTD4
   \   00000038   0x....             LDR.N    R0,??DataTable3_5  ;; 0x4004c010
   \   0000003A   0xF44F 0x6180      MOV      R1,#+1024
   \   0000003E   0x6001             STR      R1,[R0, #+0]
     36               
     37                //PORTA_PCR8 = PORT_PCR_MUX(3);  // PTD4
     38               
     39               //PORTA_PCR9 = PORT_PCR_MUX(3);  // PTD5
     40               
     41          
     42               SIM_SCGC6 |= SIM_SCGC6_FTM0_MASK;//开启FTM0模块时钟
   \   00000040   0x....             LDR.N    R0,??DataTable3_6  ;; 0x4004803c
   \   00000042   0x6800             LDR      R0,[R0, #+0]
   \   00000044   0xF050 0x7080      ORRS     R0,R0,#0x1000000
   \   00000048   0x....             LDR.N    R1,??DataTable3_6  ;; 0x4004803c
   \   0000004A   0x6008             STR      R0,[R1, #+0]
     43               
     44          
     45               
     46               FTM0_C0SC |= FTM_CnSC_MSB_MASK | FTM_CnSC_ELSB_MASK;  //FTM0_CH0
   \   0000004C   0x....             LDR.N    R0,??DataTable3_7  ;; 0x4003800c
   \   0000004E   0x6800             LDR      R0,[R0, #+0]
   \   00000050   0xF050 0x0028      ORRS     R0,R0,#0x28
   \   00000054   0x....             LDR.N    R1,??DataTable3_7  ;; 0x4003800c
   \   00000056   0x6008             STR      R0,[R1, #+0]
     47               FTM0_C1SC |= FTM_CnSC_MSB_MASK | FTM_CnSC_ELSB_MASK;  //FTM0_CH1     
   \   00000058   0x....             LDR.N    R0,??DataTable3_8  ;; 0x40038014
   \   0000005A   0x6800             LDR      R0,[R0, #+0]
   \   0000005C   0xF050 0x0028      ORRS     R0,R0,#0x28
   \   00000060   0x....             LDR.N    R1,??DataTable3_8  ;; 0x40038014
   \   00000062   0x6008             STR      R0,[R1, #+0]
     48               FTM0_C2SC |= FTM_CnSC_MSB_MASK | FTM_CnSC_ELSB_MASK;  //FTM0_CH2
   \   00000064   0x....             LDR.N    R0,??DataTable3_9  ;; 0x4003801c
   \   00000066   0x6800             LDR      R0,[R0, #+0]
   \   00000068   0xF050 0x0028      ORRS     R0,R0,#0x28
   \   0000006C   0x....             LDR.N    R1,??DataTable3_9  ;; 0x4003801c
   \   0000006E   0x6008             STR      R0,[R1, #+0]
     49               FTM0_C3SC |= FTM_CnSC_MSB_MASK | FTM_CnSC_ELSB_MASK;  //FTM0_CH3
   \   00000070   0x....             LDR.N    R0,??DataTable3_10  ;; 0x40038024
   \   00000072   0x6800             LDR      R0,[R0, #+0]
   \   00000074   0xF050 0x0028      ORRS     R0,R0,#0x28
   \   00000078   0x....             LDR.N    R1,??DataTable3_10  ;; 0x40038024
   \   0000007A   0x6008             STR      R0,[R1, #+0]
     50               FTM0_C4SC |= FTM_CnSC_MSB_MASK | FTM_CnSC_ELSB_MASK;  //FTM0_CH4
   \   0000007C   0x....             LDR.N    R0,??DataTable3_11  ;; 0x4003802c
   \   0000007E   0x6800             LDR      R0,[R0, #+0]
   \   00000080   0xF050 0x0028      ORRS     R0,R0,#0x28
   \   00000084   0x....             LDR.N    R1,??DataTable3_11  ;; 0x4003802c
   \   00000086   0x6008             STR      R0,[R1, #+0]
     51              
     52               
     53            
     54          
     55               FTM0_CNT = 0; //设置计数初值为0
   \   00000088   0x....             LDR.N    R0,??DataTable3_12  ;; 0x40038004
   \   0000008A   0x2100             MOVS     R1,#+0
   \   0000008C   0x6001             STR      R1,[R0, #+0]
     56              
     57               FTM0_MOD = 2500; //设置PWM频率为10K
   \   0000008E   0x....             LDR.N    R0,??DataTable3_13  ;; 0x40038008
   \   00000090   0xF640 0x11C4      MOVW     R1,#+2500
   \   00000094   0x6001             STR      R1,[R0, #+0]
     58             
     59          
     60               FTM0_CNTIN = 0; //设置初始化计数值
   \   00000096   0x....             LDR.N    R0,??DataTable3_14  ;; 0x4003804c
   \   00000098   0x2100             MOVS     R1,#+0
   \   0000009A   0x6001             STR      R1,[R0, #+0]
     61          
     62               
     63               FTM0_C0V = 0;
   \   0000009C   0x....             LDR.N    R0,??DataTable3_15  ;; 0x40038010
   \   0000009E   0x2100             MOVS     R1,#+0
   \   000000A0   0x6001             STR      R1,[R0, #+0]
     64               FTM0_C1V = 0;
   \   000000A2   0x....             LDR.N    R0,??DataTable3_16  ;; 0x40038018
   \   000000A4   0x2100             MOVS     R1,#+0
   \   000000A6   0x6001             STR      R1,[R0, #+0]
     65               FTM0_C2V = 0;
   \   000000A8   0x....             LDR.N    R0,??DataTable3_17  ;; 0x40038020
   \   000000AA   0x2100             MOVS     R1,#+0
   \   000000AC   0x6001             STR      R1,[R0, #+0]
     66               //FTM0_C4V=0;
     67               FTM0_C3V = 0; //设置占空比
   \   000000AE   0x....             LDR.N    R0,??DataTable3_18  ;; 0x40038028
   \   000000B0   0x2100             MOVS     R1,#+0
   \   000000B2   0x6001             STR      R1,[R0, #+0]
     68               
     69          
     70                //设置时钟和分频
     71               FTM0_SC |= FTM_SC_CLKS(1) | FTM_SC_PS(2);
   \   000000B4   0x....             LDR.N    R0,??DataTable3_19  ;; 0x40038000
   \   000000B6   0x6800             LDR      R0,[R0, #+0]
   \   000000B8   0xF050 0x000A      ORRS     R0,R0,#0xA
   \   000000BC   0x....             LDR.N    R1,??DataTable3_19  ;; 0x40038000
   \   000000BE   0x6008             STR      R0,[R1, #+0]
     72               
     73          }
   \   000000C0   0x4770             BX       LR               ;; return
     74          
     75          
     76          /*==============================================================================
     77          功能：FTM1、FTM2模块双路正交脉冲计数；
     78          引脚：PTA12、PTA13、PTA10、PTA11
     79          内容：初始化FTM1、FTM2的正交解码功能；
     80          参数：无
     81          ==============================================================================*/

   \                                 In section .text, align 2, keep-with-next
     82          void FTM_QUAD_init()
     83          {
     84              /*开启端口时钟*/
     85              SIM_SCGC5 |= SIM_SCGC5_PORTA_MASK;
   \                     FTM_QUAD_init:
   \   00000000   0x....             LDR.N    R0,??DataTable3  ;; 0x40048038
   \   00000002   0x6800             LDR      R0,[R0, #+0]
   \   00000004   0xF44F 0x7100      MOV      R1,#+512
   \   00000008   0x4308             ORRS     R0,R1,R0
   \   0000000A   0x....             LDR.N    R1,??DataTable3  ;; 0x40048038
   \   0000000C   0x6008             STR      R0,[R1, #+0]
     86              //SIM_SCGC5 |= SIM_SCGC5_PORTD_MASK;   
     87          
     88              /*选择管脚复用功能*/
     89              PORTA_PCR12 = PORT_PCR_MUX(7);
   \   0000000E   0x....             LDR.N    R0,??DataTable3_20  ;; 0x40049030
   \   00000010   0xF44F 0x61E0      MOV      R1,#+1792
   \   00000014   0x6001             STR      R1,[R0, #+0]
     90              PORTA_PCR13 = PORT_PCR_MUX(7);
   \   00000016   0x....             LDR.N    R0,??DataTable3_21  ;; 0x40049034
   \   00000018   0xF44F 0x61E0      MOV      R1,#+1792
   \   0000001C   0x6001             STR      R1,[R0, #+0]
     91              PORTA_PCR10 = PORT_PCR_MUX(6);
   \   0000001E   0x....             LDR.N    R0,??DataTable3_22  ;; 0x40049028
   \   00000020   0xF44F 0x61C0      MOV      R1,#+1536
   \   00000024   0x6001             STR      R1,[R0, #+0]
     92              PORTA_PCR11 = PORT_PCR_MUX(6);
   \   00000026   0x....             LDR.N    R0,??DataTable3_23  ;; 0x4004902c
   \   00000028   0xF44F 0x61C0      MOV      R1,#+1536
   \   0000002C   0x6001             STR      R1,[R0, #+0]
     93              //PORTD_PCR11 = PORT_PCR_MUX(7);
     94              //PORTD_PCR12 = PORT_PCR_MUX(7);
     95          
     96              /*使能FTM1、FTM2时钟*/
     97              SIM_SCGC6|=SIM_SCGC6_FTM1_MASK;
   \   0000002E   0x....             LDR.N    R0,??DataTable3_6  ;; 0x4004803c
   \   00000030   0x6800             LDR      R0,[R0, #+0]
   \   00000032   0xF050 0x7000      ORRS     R0,R0,#0x2000000
   \   00000036   0x....             LDR.N    R1,??DataTable3_6  ;; 0x4004803c
   \   00000038   0x6008             STR      R0,[R1, #+0]
     98              SIM_SCGC3|=SIM_SCGC3_FTM2_MASK;
   \   0000003A   0x....             LDR.N    R0,??DataTable3_24  ;; 0x40048030
   \   0000003C   0x6800             LDR      R0,[R0, #+0]
   \   0000003E   0xF050 0x7080      ORRS     R0,R0,#0x1000000
   \   00000042   0x....             LDR.N    R1,??DataTable3_24  ;; 0x40048030
   \   00000044   0x6008             STR      R0,[R1, #+0]
     99          
    100              FTM1_MOD = 0xffff; //可根据需要设置
   \   00000046   0x....             LDR.N    R0,??DataTable3_25  ;; 0x40039008
   \   00000048   0xF64F 0x71FF      MOVW     R1,#+65535
   \   0000004C   0x6001             STR      R1,[R0, #+0]
    101              FTM2_MOD = 0xffff;
   \   0000004E   0x....             LDR.N    R0,??DataTable3_26  ;; 0x400b8008
   \   00000050   0xF64F 0x71FF      MOVW     R1,#+65535
   \   00000054   0x6001             STR      R1,[R0, #+0]
    102          
    103              FTM1_CNTIN =0x0;
   \   00000056   0x....             LDR.N    R0,??DataTable3_27  ;; 0x4003904c
   \   00000058   0x2100             MOVS     R1,#+0
   \   0000005A   0x6001             STR      R1,[R0, #+0]
    104              FTM2_CNTIN =0x0;
   \   0000005C   0x....             LDR.N    R0,??DataTable3_28  ;; 0x400b804c
   \   0000005E   0x2100             MOVS     R1,#+0
   \   00000060   0x6001             STR      R1,[R0, #+0]
    105              
    106              FTM1_CNT = 0; //设置计数初值为0
   \   00000062   0x....             LDR.N    R0,??DataTable3_29  ;; 0x40039004
   \   00000064   0x2100             MOVS     R1,#+0
   \   00000066   0x6001             STR      R1,[R0, #+0]
    107              FTM2_CNT = 0; //设置计数初值为0
   \   00000068   0x....             LDR.N    R0,??DataTable3_30  ;; 0x400b8004
   \   0000006A   0x2100             MOVS     R1,#+0
   \   0000006C   0x6001             STR      R1,[R0, #+0]
    108              
    109              FTM1_MODE |= FTM_MODE_WPDIS_MASK; //禁止写保护
   \   0000006E   0x....             LDR.N    R0,??DataTable3_31  ;; 0x40039054
   \   00000070   0x6800             LDR      R0,[R0, #+0]
   \   00000072   0xF050 0x0004      ORRS     R0,R0,#0x4
   \   00000076   0x....             LDR.N    R1,??DataTable3_31  ;; 0x40039054
   \   00000078   0x6008             STR      R0,[R1, #+0]
    110              FTM2_MODE |= FTM_MODE_WPDIS_MASK; //禁止写保护
   \   0000007A   0x....             LDR.N    R0,??DataTable3_32  ;; 0x400b8054
   \   0000007C   0x6800             LDR      R0,[R0, #+0]
   \   0000007E   0xF050 0x0004      ORRS     R0,R0,#0x4
   \   00000082   0x....             LDR.N    R1,??DataTable3_32  ;; 0x400b8054
   \   00000084   0x6008             STR      R0,[R1, #+0]
    111              FTM1_MODE |= FTM_MODE_FTMEN_MASK; //FTMEN=1,关闭TPM兼容模式，开启FTM所有功能
   \   00000086   0x....             LDR.N    R0,??DataTable3_31  ;; 0x40039054
   \   00000088   0x6800             LDR      R0,[R0, #+0]
   \   0000008A   0xF050 0x0001      ORRS     R0,R0,#0x1
   \   0000008E   0x....             LDR.N    R1,??DataTable3_31  ;; 0x40039054
   \   00000090   0x6008             STR      R0,[R1, #+0]
    112              FTM2_MODE |= FTM_MODE_FTMEN_MASK; //FTMEN=1,关闭TPM兼容模式，开启FTM所有功能
   \   00000092   0x....             LDR.N    R0,??DataTable3_32  ;; 0x400b8054
   \   00000094   0x6800             LDR      R0,[R0, #+0]
   \   00000096   0xF050 0x0001      ORRS     R0,R0,#0x1
   \   0000009A   0x....             LDR.N    R1,??DataTable3_32  ;; 0x400b8054
   \   0000009C   0x6008             STR      R0,[R1, #+0]
    113          
    114              //FTM1_C0SC |= FTM_CnSC_ELSA_MASK;     //捕捉输入上升沿
    115              FTM1_QDCTRL &= ~FTM_QDCTRL_QUADMODE_MASK; //选定编码模式为A相与B相编码模式
   \   0000009E   0x....             LDR.N    R0,??DataTable3_33  ;; 0x40039080
   \   000000A0   0x6800             LDR      R0,[R0, #+0]
   \   000000A2   0xF030 0x0008      BICS     R0,R0,#0x8
   \   000000A6   0x....             LDR.N    R1,??DataTable3_33  ;; 0x40039080
   \   000000A8   0x6008             STR      R0,[R1, #+0]
    116              //FTM1_QDCTRL|=FTM_QDCTRL_QUADMODE_MASK;//AB 相同时确定方向和计数值
    117              FTM1_QDCTRL |= FTM_QDCTRL_QUADEN_MASK; //使能正交解码模式
   \   000000AA   0x....             LDR.N    R0,??DataTable3_33  ;; 0x40039080
   \   000000AC   0x6800             LDR      R0,[R0, #+0]
   \   000000AE   0xF050 0x0001      ORRS     R0,R0,#0x1
   \   000000B2   0x....             LDR.N    R1,??DataTable3_33  ;; 0x40039080
   \   000000B4   0x6008             STR      R0,[R1, #+0]
    118              FTM2_QDCTRL &= ~FTM_QDCTRL_QUADMODE_MASK; //选定编码模式为A相与B相编码模式
   \   000000B6   0x....             LDR.N    R0,??DataTable3_34  ;; 0x400b8080
   \   000000B8   0x6800             LDR      R0,[R0, #+0]
   \   000000BA   0xF030 0x0008      BICS     R0,R0,#0x8
   \   000000BE   0x....             LDR.N    R1,??DataTable3_34  ;; 0x400b8080
   \   000000C0   0x6008             STR      R0,[R1, #+0]
    119              //FTM2_QDCTRL|=FTM_QDCTRL_QUADMODE_MASK;//AB 相同时确定方向和计数值
    120              FTM2_QDCTRL |= FTM_QDCTRL_QUADEN_MASK; //使能正交解码模式
   \   000000C2   0x....             LDR.N    R0,??DataTable3_34  ;; 0x400b8080
   \   000000C4   0x6800             LDR      R0,[R0, #+0]
   \   000000C6   0xF050 0x0001      ORRS     R0,R0,#0x1
   \   000000CA   0x....             LDR.N    R1,??DataTable3_34  ;; 0x400b8080
   \   000000CC   0x6008             STR      R0,[R1, #+0]
    121          
    122              //FTM1_SC |= FTM_SC_CLKS(1);  //选择外部时钟  3
    123              //FTM1_CONF |=FTM_CONF_BDMMODE(3); //可根据需要选择
    124              //FTM2_SC |= FTM_SC_CLKS(1);
    125              //FTM2_CONF |=FTM_CONF_BDMMODE(3);
    126          
    127          }
   \   000000CE   0x4770             BX       LR               ;; return
    128          
    129          
    130          
    131          

   \                                 In section .text, align 2, keep-with-next
    132          void FTM2_QUAD_Iint(void)
    133          {
    134              PORTA_PCR10= PORT_PCR_MUX(6); // 设置引脚A10引脚为FTM2_PHA功能  
   \                     FTM2_QUAD_Iint:
   \   00000000   0x....             LDR.N    R0,??DataTable3_22  ;; 0x40049028
   \   00000002   0xF44F 0x61C0      MOV      R1,#+1536
   \   00000006   0x6001             STR      R1,[R0, #+0]
    135              PORTA_PCR11= PORT_PCR_MUX(6); // 设置引脚A11引脚为FTM2_PHB功能  
   \   00000008   0x....             LDR.N    R0,??DataTable3_23  ;; 0x4004902c
   \   0000000A   0xF44F 0x61C0      MOV      R1,#+1536
   \   0000000E   0x6001             STR      R1,[R0, #+0]
    136              SIM_SCGC3|=SIM_SCGC3_FTM2_MASK;//使能FTM2时钟  
   \   00000010   0x....             LDR.N    R0,??DataTable3_24  ;; 0x40048030
   \   00000012   0x6800             LDR      R0,[R0, #+0]
   \   00000014   0xF050 0x7080      ORRS     R0,R0,#0x1000000
   \   00000018   0x....             LDR.N    R1,??DataTable3_24  ;; 0x40048030
   \   0000001A   0x6008             STR      R0,[R1, #+0]
    137              FTM2_MODE |= FTM_MODE_WPDIS_MASK;//写保护禁止  
   \   0000001C   0x....             LDR.N    R0,??DataTable3_32  ;; 0x400b8054
   \   0000001E   0x6800             LDR      R0,[R0, #+0]
   \   00000020   0xF050 0x0004      ORRS     R0,R0,#0x4
   \   00000024   0x....             LDR.N    R1,??DataTable3_32  ;; 0x400b8054
   \   00000026   0x6008             STR      R0,[R1, #+0]
    138              FTM2_QDCTRL|=FTM_QDCTRL_QUADMODE_MASK;//AB相同时确定方向和计数值  
   \   00000028   0x....             LDR.N    R0,??DataTable3_34  ;; 0x400b8080
   \   0000002A   0x6800             LDR      R0,[R0, #+0]
   \   0000002C   0xF050 0x0008      ORRS     R0,R0,#0x8
   \   00000030   0x....             LDR.N    R1,??DataTable3_34  ;; 0x400b8080
   \   00000032   0x6008             STR      R0,[R1, #+0]
    139              FTM2_CNTIN=0;//FTM0计数器初始值为0  
   \   00000034   0x....             LDR.N    R0,??DataTable3_28  ;; 0x400b804c
   \   00000036   0x2100             MOVS     R1,#+0
   \   00000038   0x6001             STR      R1,[R0, #+0]
    140              FTM2_MOD=65535;//结束值  
   \   0000003A   0x....             LDR.N    R0,??DataTable3_26  ;; 0x400b8008
   \   0000003C   0xF64F 0x71FF      MOVW     R1,#+65535
   \   00000040   0x6001             STR      R1,[R0, #+0]
    141              FTM2_QDCTRL|=FTM_QDCTRL_QUADEN_MASK;//启用FTM2正交解码模式  
   \   00000042   0x....             LDR.N    R0,??DataTable3_34  ;; 0x400b8080
   \   00000044   0x6800             LDR      R0,[R0, #+0]
   \   00000046   0xF050 0x0001      ORRS     R0,R0,#0x1
   \   0000004A   0x....             LDR.N    R1,??DataTable3_34  ;; 0x400b8080
   \   0000004C   0x6008             STR      R0,[R1, #+0]
    142              FTM2_MODE |= FTM_MODE_FTMEN_MASK;//FTM2EN=1    
   \   0000004E   0x....             LDR.N    R0,??DataTable3_32  ;; 0x400b8054
   \   00000050   0x6800             LDR      R0,[R0, #+0]
   \   00000052   0xF050 0x0001      ORRS     R0,R0,#0x1
   \   00000056   0x....             LDR.N    R1,??DataTable3_32  ;; 0x400b8054
   \   00000058   0x6008             STR      R0,[R1, #+0]
    143              FTM2_CNT=0;  
   \   0000005A   0x....             LDR.N    R0,??DataTable3_30  ;; 0x400b8004
   \   0000005C   0x2100             MOVS     R1,#+0
   \   0000005E   0x6001             STR      R1,[R0, #+0]
    144          }
   \   00000060   0x4770             BX       LR               ;; return
    145          

   \                                 In section .text, align 2, keep-with-next
    146          void FTM1_QUAD_Iint(void)
    147          {
    148              PORTA_PCR12= PORT_PCR_MUX(7); // 设置引脚A12引脚为FTM1_PHA功能  
   \                     FTM1_QUAD_Iint:
   \   00000000   0x....             LDR.N    R0,??DataTable3_20  ;; 0x40049030
   \   00000002   0xF44F 0x61E0      MOV      R1,#+1792
   \   00000006   0x6001             STR      R1,[R0, #+0]
    149              PORTA_PCR13= PORT_PCR_MUX(7); // 设置引脚A13引脚为FTM1_PHB功能  
   \   00000008   0x....             LDR.N    R0,??DataTable3_21  ;; 0x40049034
   \   0000000A   0xF44F 0x61E0      MOV      R1,#+1792
   \   0000000E   0x6001             STR      R1,[R0, #+0]
    150              SIM_SCGC6|=SIM_SCGC6_FTM1_MASK;//使能FTM1时钟  
   \   00000010   0x....             LDR.N    R0,??DataTable3_6  ;; 0x4004803c
   \   00000012   0x6800             LDR      R0,[R0, #+0]
   \   00000014   0xF050 0x7000      ORRS     R0,R0,#0x2000000
   \   00000018   0x....             LDR.N    R1,??DataTable3_6  ;; 0x4004803c
   \   0000001A   0x6008             STR      R0,[R1, #+0]
    151              FTM1_MODE |= FTM_MODE_WPDIS_MASK;//写保护禁止  
   \   0000001C   0x....             LDR.N    R0,??DataTable3_31  ;; 0x40039054
   \   0000001E   0x6800             LDR      R0,[R0, #+0]
   \   00000020   0xF050 0x0004      ORRS     R0,R0,#0x4
   \   00000024   0x....             LDR.N    R1,??DataTable3_31  ;; 0x40039054
   \   00000026   0x6008             STR      R0,[R1, #+0]
    152              FTM1_QDCTRL|=FTM_QDCTRL_QUADMODE_MASK;//AB相同时确定方向和计数值  
   \   00000028   0x....             LDR.N    R0,??DataTable3_33  ;; 0x40039080
   \   0000002A   0x6800             LDR      R0,[R0, #+0]
   \   0000002C   0xF050 0x0008      ORRS     R0,R0,#0x8
   \   00000030   0x....             LDR.N    R1,??DataTable3_33  ;; 0x40039080
   \   00000032   0x6008             STR      R0,[R1, #+0]
    153              FTM1_CNTIN=0;//FTM0计数器初始值为0  
   \   00000034   0x....             LDR.N    R0,??DataTable3_27  ;; 0x4003904c
   \   00000036   0x2100             MOVS     R1,#+0
   \   00000038   0x6001             STR      R1,[R0, #+0]
    154              FTM1_MOD=65535;//结束值  
   \   0000003A   0x....             LDR.N    R0,??DataTable3_25  ;; 0x40039008
   \   0000003C   0xF64F 0x71FF      MOVW     R1,#+65535
   \   00000040   0x6001             STR      R1,[R0, #+0]
    155              FTM1_QDCTRL|=FTM_QDCTRL_QUADEN_MASK;//启用FTM1正交解码模式  
   \   00000042   0x....             LDR.N    R0,??DataTable3_33  ;; 0x40039080
   \   00000044   0x6800             LDR      R0,[R0, #+0]
   \   00000046   0xF050 0x0001      ORRS     R0,R0,#0x1
   \   0000004A   0x....             LDR.N    R1,??DataTable3_33  ;; 0x40039080
   \   0000004C   0x6008             STR      R0,[R1, #+0]
    156              FTM1_MODE |= FTM_MODE_FTMEN_MASK;//FTM1EN=1    
   \   0000004E   0x....             LDR.N    R0,??DataTable3_31  ;; 0x40039054
   \   00000050   0x6800             LDR      R0,[R0, #+0]
   \   00000052   0xF050 0x0001      ORRS     R0,R0,#0x1
   \   00000056   0x....             LDR.N    R1,??DataTable3_31  ;; 0x40039054
   \   00000058   0x6008             STR      R0,[R1, #+0]
    157              FTM1_CNT=0;  
   \   0000005A   0x....             LDR.N    R0,??DataTable3_29  ;; 0x40039004
   \   0000005C   0x2100             MOVS     R1,#+0
   \   0000005E   0x6001             STR      R1,[R0, #+0]
    158          }
   \   00000060   0x4770             BX       LR               ;; return

   \                                 In section .text, align 4, keep-with-next
   \                     ??DataTable3:
   \   00000000   0x40048038         DC32     0x40048038

   \                                 In section .text, align 4, keep-with-next
   \                     ??DataTable3_1:
   \   00000000   0x4004B004         DC32     0x4004b004

   \                                 In section .text, align 4, keep-with-next
   \                     ??DataTable3_2:
   \   00000000   0x4004B008         DC32     0x4004b008

   \                                 In section .text, align 4, keep-with-next
   \                     ??DataTable3_3:
   \   00000000   0x4004B00C         DC32     0x4004b00c

   \                                 In section .text, align 4, keep-with-next
   \                     ??DataTable3_4:
   \   00000000   0x4004B010         DC32     0x4004b010

   \                                 In section .text, align 4, keep-with-next
   \                     ??DataTable3_5:
   \   00000000   0x4004C010         DC32     0x4004c010

   \                                 In section .text, align 4, keep-with-next
   \                     ??DataTable3_6:
   \   00000000   0x4004803C         DC32     0x4004803c

   \                                 In section .text, align 4, keep-with-next
   \                     ??DataTable3_7:
   \   00000000   0x4003800C         DC32     0x4003800c

   \                                 In section .text, align 4, keep-with-next
   \                     ??DataTable3_8:
   \   00000000   0x40038014         DC32     0x40038014

   \                                 In section .text, align 4, keep-with-next
   \                     ??DataTable3_9:
   \   00000000   0x4003801C         DC32     0x4003801c

   \                                 In section .text, align 4, keep-with-next
   \                     ??DataTable3_10:
   \   00000000   0x40038024         DC32     0x40038024

   \                                 In section .text, align 4, keep-with-next
   \                     ??DataTable3_11:
   \   00000000   0x4003802C         DC32     0x4003802c

   \                                 In section .text, align 4, keep-with-next
   \                     ??DataTable3_12:
   \   00000000   0x40038004         DC32     0x40038004

   \                                 In section .text, align 4, keep-with-next
   \                     ??DataTable3_13:
   \   00000000   0x40038008         DC32     0x40038008

   \                                 In section .text, align 4, keep-with-next
   \                     ??DataTable3_14:
   \   00000000   0x4003804C         DC32     0x4003804c

   \                                 In section .text, align 4, keep-with-next
   \                     ??DataTable3_15:
   \   00000000   0x40038010         DC32     0x40038010

   \                                 In section .text, align 4, keep-with-next
   \                     ??DataTable3_16:
   \   00000000   0x40038018         DC32     0x40038018

   \                                 In section .text, align 4, keep-with-next
   \                     ??DataTable3_17:
   \   00000000   0x40038020         DC32     0x40038020

   \                                 In section .text, align 4, keep-with-next
   \                     ??DataTable3_18:
   \   00000000   0x40038028         DC32     0x40038028

   \                                 In section .text, align 4, keep-with-next
   \                     ??DataTable3_19:
   \   00000000   0x40038000         DC32     0x40038000

   \                                 In section .text, align 4, keep-with-next
   \                     ??DataTable3_20:
   \   00000000   0x40049030         DC32     0x40049030

   \                                 In section .text, align 4, keep-with-next
   \                     ??DataTable3_21:
   \   00000000   0x40049034         DC32     0x40049034

   \                                 In section .text, align 4, keep-with-next
   \                     ??DataTable3_22:
   \   00000000   0x40049028         DC32     0x40049028

   \                                 In section .text, align 4, keep-with-next
   \                     ??DataTable3_23:
   \   00000000   0x4004902C         DC32     0x4004902c

   \                                 In section .text, align 4, keep-with-next
   \                     ??DataTable3_24:
   \   00000000   0x40048030         DC32     0x40048030

   \                                 In section .text, align 4, keep-with-next
   \                     ??DataTable3_25:
   \   00000000   0x40039008         DC32     0x40039008

   \                                 In section .text, align 4, keep-with-next
   \                     ??DataTable3_26:
   \   00000000   0x400B8008         DC32     0x400b8008

   \                                 In section .text, align 4, keep-with-next
   \                     ??DataTable3_27:
   \   00000000   0x4003904C         DC32     0x4003904c

   \                                 In section .text, align 4, keep-with-next
   \                     ??DataTable3_28:
   \   00000000   0x400B804C         DC32     0x400b804c

   \                                 In section .text, align 4, keep-with-next
   \                     ??DataTable3_29:
   \   00000000   0x40039004         DC32     0x40039004

   \                                 In section .text, align 4, keep-with-next
   \                     ??DataTable3_30:
   \   00000000   0x400B8004         DC32     0x400b8004

   \                                 In section .text, align 4, keep-with-next
   \                     ??DataTable3_31:
   \   00000000   0x40039054         DC32     0x40039054

   \                                 In section .text, align 4, keep-with-next
   \                     ??DataTable3_32:
   \   00000000   0x400B8054         DC32     0x400b8054

   \                                 In section .text, align 4, keep-with-next
   \                     ??DataTable3_33:
   \   00000000   0x40039080         DC32     0x40039080

   \                                 In section .text, align 4, keep-with-next
   \                     ??DataTable3_34:
   \   00000000   0x400B8080         DC32     0x400b8080

   Maximum stack usage in bytes:

   .cstack Function
   ------- --------
        0  FTM1_QUAD_Iint
        0  FTM2_QUAD_Iint
        0  FTM_PWM_init
        0  FTM_QUAD_init


   Section sizes:

   Bytes  Function/Label
   -----  --------------
       4  ??DataTable3
       4  ??DataTable3_1
       4  ??DataTable3_10
       4  ??DataTable3_11
       4  ??DataTable3_12
       4  ??DataTable3_13
       4  ??DataTable3_14
       4  ??DataTable3_15
       4  ??DataTable3_16
       4  ??DataTable3_17
       4  ??DataTable3_18
       4  ??DataTable3_19
       4  ??DataTable3_2
       4  ??DataTable3_20
       4  ??DataTable3_21
       4  ??DataTable3_22
       4  ??DataTable3_23
       4  ??DataTable3_24
       4  ??DataTable3_25
       4  ??DataTable3_26
       4  ??DataTable3_27
       4  ??DataTable3_28
       4  ??DataTable3_29
       4  ??DataTable3_3
       4  ??DataTable3_30
       4  ??DataTable3_31
       4  ??DataTable3_32
       4  ??DataTable3_33
       4  ??DataTable3_34
       4  ??DataTable3_4
       4  ??DataTable3_5
       4  ??DataTable3_6
       4  ??DataTable3_7
       4  ??DataTable3_8
       4  ??DataTable3_9
      98  FTM1_QUAD_Iint
      98  FTM2_QUAD_Iint
     194  FTM_PWM_init
     208  FTM_QUAD_init

 
 738 bytes in section .text
 
 738 bytes of CODE memory

Errors: none
Warnings: none
