###############################################################################
#                                                                             #
#                                                       27/Apr/2013  13:44:42 #
# IAR ANSI C/C++ Compiler V6.30.4.23288/W32 EVALUATION for ARM                #
# Copyright 1999-2011 IAR Systems AB.                                         #
#                                                                             #
#    Cpu mode     =  thumb                                                    #
#    Endian       =  little                                                   #
#    Source file  =  C:\Users\Administrator\Desktop\4.25屏幕 下位机 发送      #
#                    接受 像素处理  死机\src\Sources\Drivers\gpio\gpio.c      #
#    Command line =  "C:\Users\Administrator\Desktop\4.25屏幕 下位机 发送     #
#                    接受 像素处理  死机\src\Sources\Drivers\gpio\gpio.c"     #
#                    -lCN "C:\Users\Administrator\Desktop\4.25屏幕 下位机     #
#                    发送 接受 像素处理  死机\RAM\List\" -lB                  #
#                    "C:\Users\Administrator\Desktop\4.25屏幕 下位机 发送     #
#                    接受 像素处理  死机\RAM\List\" -o                        #
#                    "C:\Users\Administrator\Desktop\4.25屏幕 下位机 发送     #
#                    接受 像素处理  死机\RAM\Obj\" --no_cse --no_unroll       #
#                    --no_inline --no_code_motion --no_tbaa --no_clustering   #
#                    --no_scheduling --debug --endian=little --cpu=Cortex-M4  #
#                    -e --fpu=None --dlib_config "D:\Program Files\IAR        #
#                    Systems\Embedded Workbench 6.0                           #
#                    Evaluation\arm\INC\c\DLib_Config_Normal.h" -I            #
#                    "C:\Users\Administrator\Desktop\4.25屏幕 下位机 发送     #
#                    接受 像素处理  死机\src\Sources\Cpu\" -I                 #
#                    "C:\Users\Administrator\Desktop\4.25屏幕 下位机 发送     #
#                    接受 像素处理  死机\src\Sources\App\" -I                 #
#                    "C:\Users\Administrator\Desktop\4.25屏幕 下位机 发送     #
#                    接受 像素处理  死机\src\Sources\Drivers\adc\" -I         #
#                    "C:\Users\Administrator\Desktop\4.25屏幕 下位机 发送     #
#                    接受 像素处理  死机\src\Sources\Drivers\delay\" -I       #
#                    "C:\Users\Administrator\Desktop\4.25屏幕 下位机 发送     #
#                    接受 像素处理  死机\src\Sources\Drivers\FTM\" -I         #
#                    "C:\Users\Administrator\Desktop\4.25屏幕 下位机 发送     #
#                    接受 像素处理  死机\src\Sources\Drivers\gpio\" -I        #
#                    "C:\Users\Administrator\Desktop\4.25屏幕 下位机 发送     #
#                    接受 像素处理  死机\src\Sources\Drivers\lptmr\" -I       #
#                    "C:\Users\Administrator\Desktop\4.25屏幕 下位机 发送     #
#                    接受 像素处理  死机\src\Sources\Drivers\mcg\" -I         #
#                    "C:\Users\Administrator\Desktop\4.25屏幕 下位机 发送     #
#                    接受 像素处理  死机\src\Sources\Drivers\PIT\" -I         #
#                    "C:\Users\Administrator\Desktop\4.25屏幕 下位机 发送     #
#                    接受 像素处理  死机\src\Sources\Drivers\uart\" -I        #
#                    "C:\Users\Administrator\Desktop\4.25屏幕 下位机 发送     #
#                    接受 像素处理  死机\src\Sources\Drivers\oled\" -I        #
#                    "C:\Users\Administrator\Desktop\4.25屏幕 下位机 发送     #
#                    接受 像素处理  死机\src\Sources\Drivers\spi\" -On        #
#                    --use_c++_inline                                         #
#    List file    =  C:\Users\Administrator\Desktop\4.25屏幕 下位机 发送      #
#                    接受 像素处理  死机\RAM\List\gpio.lst                    #
#    Object file  =  C:\Users\Administrator\Desktop\4.25屏幕 下位机 发送      #
#                    接受 像素处理  死机\RAM\Obj\gpio.o                       #
#                                                                             #
#                                                                             #
###############################################################################

C:\Users\Administrator\Desktop\4.25屏幕 下位机 发送 接受 像素处理  死机\src\Sources\Drivers\gpio\gpio.c
      1          /******************** (C) COPYRIGHT 2011 野火嵌入式开发工作室 ********************
      2           * 文件名       ：gpio.c
      3           * 描述         ：gpio驱动函数
      4           *
      5           * 实验平台     ：野火kinetis开发板
      6           * 库版本       ：
      7           * 嵌入系统     ：
      8           *
      9           * 作者         ：野火嵌入式开发工作室
     10           * 淘宝店       ：http://firestm32.taobao.com
     11           * 技术支持论坛 ：http://www.ourdev.cn/bbs/bbs_list.jsp?bbs_id=1008
     12          **********************************************************************************/
     13          
     14          #include "common.h"
     15          #include "gpio.h"
     16          
     17          

   \                                 In section .data, align 4
     18          volatile struct GPIO_MemMap *GPIOx[5] = {PTA_BASE_PTR, PTB_BASE_PTR, PTC_BASE_PTR, PTD_BASE_PTR, PTE_BASE_PTR}; //定义五个指针数组保存 GPIOx 的地址
   \                     GPIOx:
   \   00000000   0x400FF000         DC32 400FF000H, 400FF040H, 400FF080H, 400FF0C0H, 400FF100H
   \              0x400FF040   
   \              0x400FF080   
   \              0x400FF0C0   
   \              0x400FF100   

   \                                 In section .data, align 4
     19          volatile struct PORT_MemMap *PORTX[5] = {PORTA_BASE_PTR, PORTB_BASE_PTR, PORTC_BASE_PTR, PORTD_BASE_PTR, PORTE_BASE_PTR};
   \                     PORTX:
   \   00000000   0x40049000         DC32 40049000H, 4004A000H, 4004B000H, 4004C000H, 4004D000H
   \              0x4004A000   
   \              0x4004B000   
   \              0x4004C000   
   \              0x4004D000   
     20          
     21          /*************************************************************************
     22          *                             野火嵌入式开发工作室
     23          *
     24          *  函数名称：gpio_init
     25          *  功能说明：初始化gpio
     26          *  参数说明：PORTx       端口号（PORTA,PORTB,PORTC,PORTD,PORTE）
     27          *            n           端口引脚
     28          *            IO          引脚方向,0=输入,1=输出
     29          *            data        输出初始状态,0=低电平,1=高电平 （对输入无效）
     30          *  函数返回：无
     31          *  修改时间：2012-1-15   已测试
     32          *  备    注：
     33          *************************************************************************/

   \                                 In section .text, align 2, keep-with-next
     34          void gpio_init (PORTx portx, uint8 n, GPIO_CFG cfg, uint8 data)
     35          {
   \                     gpio_init:
   \   00000000   0xB430             PUSH     {R4,R5}
     36             // ASSERT( (n < 32u)  && (data < 2u) );           //使用断言检查输入、电平 是否为1bit
     37          
     38              //选择功能脚 PORTx_PCRx ，每个端口都有个寄存器 PORTx_PCRx
     39              PORT_PCR_REG(PORTX[portx], n) = (0 | PORT_PCR_MUX(1) | cfg);
   \   00000002   0xB2C9             UXTB     R1,R1            ;; ZeroExt  R1,R1,#+24,#+24
   \   00000004   0xB2C0             UXTB     R0,R0            ;; ZeroExt  R0,R0,#+24,#+24
   \   00000006   0x....             LDR.N    R4,??DataTable3
   \   00000008   0xF854 0x4020      LDR      R4,[R4, R0, LSL #+2]
   \   0000000C   0xB2D2             UXTB     R2,R2            ;; ZeroExt  R2,R2,#+24,#+24
   \   0000000E   0xF44F 0x7580      MOV      R5,#+256
   \   00000012   0x4315             ORRS     R5,R5,R2
   \   00000014   0xF844 0x5021      STR      R5,[R4, R1, LSL #+2]
     40          
     41              //端口方向控制输入还是输出
     42              if( ( (cfg & 0x01) == GPI) || (cfg == GPI_UP) ||     (cfg == GPI_UP_PF)      )
   \   00000018   0x07D4             LSLS     R4,R2,#+31
   \   0000001A   0xD505             BPL.N    ??gpio_init_0
   \   0000001C   0xB2D2             UXTB     R2,R2            ;; ZeroExt  R2,R2,#+24,#+24
   \   0000001E   0x2A03             CMP      R2,#+3
   \   00000020   0xD002             BEQ.N    ??gpio_init_0
   \   00000022   0xB2D2             UXTB     R2,R2            ;; ZeroExt  R2,R2,#+24,#+24
   \   00000024   0x2A13             CMP      R2,#+19
   \   00000026   0xD10D             BNE.N    ??gpio_init_1
     43                  //   最低位为0则输入   ||   输入上拉模式  ||   输入上拉，带无源滤波器
     44              {
     45                  GPIO_PDDR_REG(GPIOx[portx]) &= ~(1 << n);  //设置端口方向为输入
   \                     ??gpio_init_0:
   \   00000028   0xB2C0             UXTB     R0,R0            ;; ZeroExt  R0,R0,#+24,#+24
   \   0000002A   0x....             LDR.N    R4,??DataTable3_1
   \   0000002C   0xF854 0x4020      LDR      R4,[R4, R0, LSL #+2]
   \   00000030   0x6964             LDR      R4,[R4, #+20]
   \   00000032   0x2501             MOVS     R5,#+1
   \   00000034   0x408D             LSLS     R5,R5,R1
   \   00000036   0x43AC             BICS     R4,R4,R5
   \   00000038   0xB2C0             UXTB     R0,R0            ;; ZeroExt  R0,R0,#+24,#+24
   \   0000003A   0x....             LDR.N    R5,??DataTable3_1
   \   0000003C   0xF855 0x5020      LDR      R5,[R5, R0, LSL #+2]
   \   00000040   0x616C             STR      R4,[R5, #+20]
   \   00000042   0xE02A             B.N      ??gpio_init_2
     46              }
     47              else
     48              {
     49                  GPIO_PDDR_REG(GPIOx[portx]) |= (1 << n);    //设置端口方向为输出
   \                     ??gpio_init_1:
   \   00000044   0xB2C0             UXTB     R0,R0            ;; ZeroExt  R0,R0,#+24,#+24
   \   00000046   0x....             LDR.N    R4,??DataTable3_1
   \   00000048   0xF854 0x4020      LDR      R4,[R4, R0, LSL #+2]
   \   0000004C   0x6964             LDR      R4,[R4, #+20]
   \   0000004E   0x2501             MOVS     R5,#+1
   \   00000050   0x408D             LSLS     R5,R5,R1
   \   00000052   0x432C             ORRS     R4,R5,R4
   \   00000054   0xB2C0             UXTB     R0,R0            ;; ZeroExt  R0,R0,#+24,#+24
   \   00000056   0x....             LDR.N    R5,??DataTable3_1
   \   00000058   0xF855 0x5020      LDR      R5,[R5, R0, LSL #+2]
   \   0000005C   0x616C             STR      R4,[R5, #+20]
     50                  if(data == 1)//output
   \   0000005E   0xB2DB             UXTB     R3,R3            ;; ZeroExt  R3,R3,#+24,#+24
   \   00000060   0x2B01             CMP      R3,#+1
   \   00000062   0xD10D             BNE.N    ??gpio_init_3
     51                  {
     52                      GPIO_SET(portx, n, 1);                  //对端口输出控制，输出为1
   \   00000064   0xB2C0             UXTB     R0,R0            ;; ZeroExt  R0,R0,#+24,#+24
   \   00000066   0x....             LDR.N    R4,??DataTable3_1
   \   00000068   0xF854 0x4020      LDR      R4,[R4, R0, LSL #+2]
   \   0000006C   0x6824             LDR      R4,[R4, #+0]
   \   0000006E   0x2501             MOVS     R5,#+1
   \   00000070   0x408D             LSLS     R5,R5,R1
   \   00000072   0x432C             ORRS     R4,R5,R4
   \   00000074   0xB2C0             UXTB     R0,R0            ;; ZeroExt  R0,R0,#+24,#+24
   \   00000076   0x....             LDR.N    R5,??DataTable3_1
   \   00000078   0xF855 0x5020      LDR      R5,[R5, R0, LSL #+2]
   \   0000007C   0x602C             STR      R4,[R5, #+0]
   \   0000007E   0xE00C             B.N      ??gpio_init_2
     53                  }
     54                  else
     55                  {
     56                      GPIO_SET(portx, n, 0);                  //对端口输出控制，输出为0
   \                     ??gpio_init_3:
   \   00000080   0xB2C0             UXTB     R0,R0            ;; ZeroExt  R0,R0,#+24,#+24
   \   00000082   0x....             LDR.N    R4,??DataTable3_1
   \   00000084   0xF854 0x4020      LDR      R4,[R4, R0, LSL #+2]
   \   00000088   0x6824             LDR      R4,[R4, #+0]
   \   0000008A   0x2501             MOVS     R5,#+1
   \   0000008C   0x408D             LSLS     R5,R5,R1
   \   0000008E   0x43AC             BICS     R4,R4,R5
   \   00000090   0xB2C0             UXTB     R0,R0            ;; ZeroExt  R0,R0,#+24,#+24
   \   00000092   0x....             LDR.N    R5,??DataTable3_1
   \   00000094   0xF855 0x5020      LDR      R5,[R5, R0, LSL #+2]
   \   00000098   0x602C             STR      R4,[R5, #+0]
     57                  }
     58              }
     59          }
   \                     ??gpio_init_2:
   \   0000009A   0xBC30             POP      {R4,R5}
   \   0000009C   0x4770             BX       LR               ;; return
     60          
     61          /*************************************************************************
     62          *                             野火嵌入式开发工作室
     63          *
     64          *  函数名称：gpio_set
     65          *  功能说明：设置引脚状态
     66          *  参数说明：PORTx       端口号（PORTA,PORTB,PORTC,PORTD,PORTE）
     67          *            n           端口引脚
     68          *            data        输出初始状态,0=低电平,1=高电平
     69          *  函数返回：无
     70          *  修改时间：2012-1-16   已测试
     71          *  备    注：
     72          *************************************************************************/

   \                                 In section .text, align 2, keep-with-next
     73          void gpio_set (PORTx portx, uint8 n, uint8 data)
     74          {
   \                     gpio_set:
   \   00000000   0xB410             PUSH     {R4}
     75              //ASSERT( (n < 32u)  && (data < 2u) );           //使用断言检查输入、电平 是否为1bit
     76          
     77              if(data == 1)               //输出
   \   00000002   0xB2D2             UXTB     R2,R2            ;; ZeroExt  R2,R2,#+24,#+24
   \   00000004   0x2A01             CMP      R2,#+1
   \   00000006   0xD10D             BNE.N    ??gpio_set_0
     78                  GPIO_SET(portx, n, 1);  //GPIO_PDOR_REG(PORTx) |= (1<<n);
   \   00000008   0xB2C0             UXTB     R0,R0            ;; ZeroExt  R0,R0,#+24,#+24
   \   0000000A   0x....             LDR.N    R3,??DataTable3_1
   \   0000000C   0xF853 0x3020      LDR      R3,[R3, R0, LSL #+2]
   \   00000010   0x681B             LDR      R3,[R3, #+0]
   \   00000012   0x2401             MOVS     R4,#+1
   \   00000014   0x408C             LSLS     R4,R4,R1
   \   00000016   0x4323             ORRS     R3,R4,R3
   \   00000018   0xB2C0             UXTB     R0,R0            ;; ZeroExt  R0,R0,#+24,#+24
   \   0000001A   0x....             LDR.N    R4,??DataTable3_1
   \   0000001C   0xF854 0x4020      LDR      R4,[R4, R0, LSL #+2]
   \   00000020   0x6023             STR      R3,[R4, #+0]
   \   00000022   0xE00C             B.N      ??gpio_set_1
     79              else
     80                  GPIO_SET(portx, n, 0);  //GPIO_PDOR_REG(PORTx) &= ~(1<<n);
   \                     ??gpio_set_0:
   \   00000024   0xB2C0             UXTB     R0,R0            ;; ZeroExt  R0,R0,#+24,#+24
   \   00000026   0x....             LDR.N    R3,??DataTable3_1
   \   00000028   0xF853 0x3020      LDR      R3,[R3, R0, LSL #+2]
   \   0000002C   0x681B             LDR      R3,[R3, #+0]
   \   0000002E   0x2401             MOVS     R4,#+1
   \   00000030   0x408C             LSLS     R4,R4,R1
   \   00000032   0x43A3             BICS     R3,R3,R4
   \   00000034   0xB2C0             UXTB     R0,R0            ;; ZeroExt  R0,R0,#+24,#+24
   \   00000036   0x....             LDR.N    R4,??DataTable3_1
   \   00000038   0xF854 0x4020      LDR      R4,[R4, R0, LSL #+2]
   \   0000003C   0x6023             STR      R3,[R4, #+0]
     81          }
   \                     ??gpio_set_1:
   \   0000003E   0xBC10             POP      {R4}
   \   00000040   0x4770             BX       LR               ;; return
     82          
     83          /*************************************************************************
     84          *                             野火嵌入式开发工作室
     85          *
     86          *  函数名称：gpio_turn
     87          *  功能说明：反转引脚状态
     88          *  参数说明：PORTx       端口号（PORTA,PORTB,PORTC,PORTD,PORTE）
     89          *            n           端口引脚
     90          *  函数返回：无
     91          *  修改时间：2012-1-15   已测试
     92          *  备    注：
     93          *************************************************************************/

   \                                 In section .text, align 2, keep-with-next
     94          void gpio_turn (PORTx portx, uint8 n)
     95          {
     96              //ASSERT( n < 32u );           //使用断言检查引脚号
     97              GPIO_TURN(portx, n);
   \                     gpio_turn:
   \   00000000   0xB2C0             UXTB     R0,R0            ;; ZeroExt  R0,R0,#+24,#+24
   \   00000002   0x....             LDR.N    R2,??DataTable3_1
   \   00000004   0xF852 0x2020      LDR      R2,[R2, R0, LSL #+2]
   \   00000008   0x6812             LDR      R2,[R2, #+0]
   \   0000000A   0x2301             MOVS     R3,#+1
   \   0000000C   0x408B             LSLS     R3,R3,R1
   \   0000000E   0x405A             EORS     R2,R3,R2
   \   00000010   0xB2C0             UXTB     R0,R0            ;; ZeroExt  R0,R0,#+24,#+24
   \   00000012   0x....             LDR.N    R3,??DataTable3_1
   \   00000014   0xF853 0x3020      LDR      R3,[R3, R0, LSL #+2]
   \   00000018   0x601A             STR      R2,[R3, #+0]
     98          }
   \   0000001A   0x4770             BX       LR               ;; return
     99          
    100          /*************************************************************************
    101          *                             野火嵌入式开发工作室
    102          *
    103          *  函数名称：gpio_get
    104          *  功能说明：读取引脚输入状态
    105          *  参数说明：PORTx       端口号（PORTA,PORTB,PORTC,PORTD,PORTE）
    106          *            n           端口引脚
    107          *  函数返回：无
    108          *  修改时间：2012-1-15   已测试
    109          *  备    注：
    110          *************************************************************************/

   \                                 In section .text, align 2, keep-with-next
    111          uint8 gpio_get(PORTx portx, uint8 n)          //读取引脚状态
    112          {
    113              //ASSERT( n < 32u );                  //使用断言检查引脚号
    114              return GPIO_Get(portx, n);
   \                     gpio_get:
   \   00000000   0xB2C0             UXTB     R0,R0            ;; ZeroExt  R0,R0,#+24,#+24
   \   00000002   0x....             LDR.N    R2,??DataTable3_1
   \   00000004   0xF852 0x0020      LDR      R0,[R2, R0, LSL #+2]
   \   00000008   0x6900             LDR      R0,[R0, #+16]
   \   0000000A   0x40C8             LSRS     R0,R0,R1
   \   0000000C   0xF010 0x0001      ANDS     R0,R0,#0x1
   \   00000010   0x4770             BX       LR               ;; return
    115          }

   \                                 In section .text, align 4, keep-with-next
   \                     ??DataTable3:
   \   00000000   0x........         DC32     PORTX

   \                                 In section .text, align 4, keep-with-next
   \                     ??DataTable3_1:
   \   00000000   0x........         DC32     GPIOx

   Maximum stack usage in bytes:

   .cstack Function
   ------- --------
        0  gpio_get
        8  gpio_init
        4  gpio_set
        0  gpio_turn


   Section sizes:

   Bytes  Function/Label
   -----  --------------
       4  ??DataTable3
       4  ??DataTable3_1
      20  GPIOx
      20  PORTX
      18  gpio_get
     158  gpio_init
      66  gpio_set
      28  gpio_turn

 
  40 bytes in section .data
 278 bytes in section .text
 
 278 bytes of CODE memory
  40 bytes of DATA memory

Errors: none
Warnings: none
